Started GET "/" for 127.0.0.1 at 2023-11-25 20:08:50 +0200
  [1m[35m (4.6ms)[0m  [1m[35mCREATE TABLE "schema_migrations" ("version" varchar NOT NULL PRIMARY KEY)[0m
  [1m[35m (0.5ms)[0m  [1m[35mCREATE TABLE "ar_internal_metadata" ("key" varchar NOT NULL PRIMARY KEY, "value" varchar, "created_at" datetime(6) NOT NULL, "updated_at" datetime(6) NOT NULL)[0m
  [1m[36mActiveRecord::SchemaMigration Load (0.2ms)[0m  [1m[34mSELECT "schema_migrations"."version" FROM "schema_migrations" ORDER BY "schema_migrations"."version" ASC[0m
Processing by Rails::WelcomeController#index as HTML
  Rendering C:/Ruby32-x64/lib/ruby/gems/3.2.0/gems/railties-7.1.2/lib/rails/templates/rails/welcome/index.html.erb
  Rendered C:/Ruby32-x64/lib/ruby/gems/3.2.0/gems/railties-7.1.2/lib/rails/templates/rails/welcome/index.html.erb (Duration: 8.1ms | Allocations: 376)
Completed 200 OK in 98ms (Views: 31.5ms | ActiveRecord: 0.0ms | Allocations: 8785)


Started GET "/" for 127.0.0.1 at 2023-11-25 20:10:18 +0200
Processing by Rails::WelcomeController#index as HTML
  Rendering C:/Ruby32-x64/lib/ruby/gems/3.2.0/gems/railties-7.1.2/lib/rails/templates/rails/welcome/index.html.erb
  Rendered C:/Ruby32-x64/lib/ruby/gems/3.2.0/gems/railties-7.1.2/lib/rails/templates/rails/welcome/index.html.erb (Duration: 0.1ms | Allocations: 13)
Completed 200 OK in 3ms (Views: 1.0ms | ActiveRecord: 0.0ms | Allocations: 218)


Started GET "/" for 127.0.0.1 at 2023-11-25 22:00:11 +0200
Processing by Rails::WelcomeController#index as HTML
  Rendering C:/Ruby32-x64/lib/ruby/gems/3.2.0/gems/railties-7.1.2/lib/rails/templates/rails/welcome/index.html.erb
  Rendered C:/Ruby32-x64/lib/ruby/gems/3.2.0/gems/railties-7.1.2/lib/rails/templates/rails/welcome/index.html.erb (Duration: 1.2ms | Allocations: 13)
Completed 200 OK in 9ms (Views: 4.7ms | ActiveRecord: 0.0ms | Allocations: 217)


Started GET "/" for 127.0.0.1 at 2023-11-25 22:32:56 +0200
Processing by Rails::WelcomeController#index as HTML
  Rendering C:/Ruby32-x64/lib/ruby/gems/3.2.0/gems/railties-7.1.2/lib/rails/templates/rails/welcome/index.html.erb
  Rendered C:/Ruby32-x64/lib/ruby/gems/3.2.0/gems/railties-7.1.2/lib/rails/templates/rails/welcome/index.html.erb (Duration: 1.3ms | Allocations: 265)
Completed 200 OK in 36ms (Views: 3.3ms | ActiveRecord: 0.0ms | Allocations: 903)


Started GET "/about" for 127.0.0.1 at 2023-11-25 22:33:22 +0200
  
ActionController::RoutingError (uninitialized constant AboutController):
  
Started GET "/" for 127.0.0.1 at 2023-11-25 22:34:32 +0200
Processing by Rails::WelcomeController#index as HTML
  Rendering C:/Ruby32-x64/lib/ruby/gems/3.2.0/gems/railties-7.1.2/lib/rails/templates/rails/welcome/index.html.erb
  Rendered C:/Ruby32-x64/lib/ruby/gems/3.2.0/gems/railties-7.1.2/lib/rails/templates/rails/welcome/index.html.erb (Duration: 0.2ms | Allocations: 13)
Completed 200 OK in 4ms (Views: 1.8ms | ActiveRecord: 0.0ms | Allocations: 216)


Started GET "/about" for 127.0.0.1 at 2023-11-25 22:35:33 +0200
  
ActionController::RoutingError (uninitialized constant AboutController):
  
Started GET "/about" for 127.0.0.1 at 2023-11-25 22:36:27 +0200
  
ActionController::RoutingError (uninitialized constant AboutController):
  
Started GET "/about" for 127.0.0.1 at 2023-11-25 22:41:57 +0200
Processing by AboutController#index as HTML
  Rendering layout layouts/application.html.erb
  Rendering about/index.html.erb within layouts/application
  Rendered about/index.html.erb within layouts/application (Duration: 0.6ms | Allocations: 93)
  Rendered layout layouts/application.html.erb (Duration: 1389.1ms | Allocations: 93879)
Completed 500 Internal Server Error in 1410ms (ActiveRecord: 0.0ms | Allocations: 94836)


  
ActionView::Template::Error (Permission denied @ rb_file_s_rename - (C:/Users/gtuch/rubylearning/scheduled_tweets/tmp/cache/assets/sprockets/v4.0.0/Wx/Wx88oyPnUTJ_wVaRf9gGoct1lL2KUpGD5BVx45_N1bY.cache.35680.5144.465268, C:/Users/gtuch/rubylearning/scheduled_tweets/tmp/cache/assets/sprockets/v4.0.0/Wx/Wx88oyPnUTJ_wVaRf9gGoct1lL2KUpGD5BVx45_N1bY.cache)):
  
sprockets (4.2.1) lib/sprockets/path_utils.rb:362:in `rename'
sprockets (4.2.1) lib/sprockets/path_utils.rb:362:in `atomic_write'
sprockets (4.2.1) lib/sprockets/cache/file_store.rb:112:in `set'
sprockets (4.2.1) lib/sprockets/cache.rb:227:in `set'
sprockets (4.2.1) lib/sprockets/cache.rb:93:in `fetch'
sprockets (4.2.1) lib/sprockets/base.rb:71:in `file_digest'
sprockets (4.2.1) lib/sprockets/unloaded_asset.rb:105:in `dependency_history_key'
sprockets (4.2.1) lib/sprockets/loader.rb:326:in `fetch_asset_from_dependency_cache'
sprockets (4.2.1) lib/sprockets/loader.rb:43:in `load'
sprockets (4.2.1) lib/sprockets/cached_environment.rb:44:in `block in load'
concurrent-ruby (1.2.2) lib/concurrent-ruby/concurrent/map.rb:207:in `block in fetch_or_store'
concurrent-ruby (1.2.2) lib/concurrent-ruby/concurrent/map.rb:187:in `fetch'
concurrent-ruby (1.2.2) lib/concurrent-ruby/concurrent/map.rb:206:in `fetch_or_store'
sprockets (4.2.1) lib/sprockets/cached_environment.rb:44:in `load'
sprockets (4.2.1) lib/sprockets/base.rb:81:in `find_asset'
sprockets (4.2.1) lib/sprockets/base.rb:88:in `find_all_linked_assets'
sprockets (4.2.1) lib/sprockets/manifest.rb:125:in `each'
sprockets (4.2.1) lib/sprockets/manifest.rb:125:in `to_a'
sprockets (4.2.1) lib/sprockets/manifest.rb:125:in `block (2 levels) in find'
concurrent-ruby (1.2.2) lib/concurrent-ruby/concurrent/executor/safe_task_executor.rb:24:in `block in execute'
concurrent-ruby (1.2.2) lib/concurrent-ruby/concurrent/synchronization/mutex_lockable_object.rb:48:in `block in synchronize'
concurrent-ruby (1.2.2) lib/concurrent-ruby/concurrent/synchronization/mutex_lockable_object.rb:48:in `synchronize'
concurrent-ruby (1.2.2) lib/concurrent-ruby/concurrent/synchronization/mutex_lockable_object.rb:48:in `synchronize'
concurrent-ruby (1.2.2) lib/concurrent-ruby/concurrent/executor/safe_task_executor.rb:22:in `execute'
concurrent-ruby (1.2.2) lib/concurrent-ruby/concurrent/promise.rb:564:in `block in realize'
concurrent-ruby (1.2.2) lib/concurrent-ruby/concurrent/executor/ruby_thread_pool_executor.rb:352:in `run_task'
concurrent-ruby (1.2.2) lib/concurrent-ruby/concurrent/executor/ruby_thread_pool_executor.rb:343:in `block (3 levels) in create_worker'
concurrent-ruby (1.2.2) lib/concurrent-ruby/concurrent/executor/ruby_thread_pool_executor.rb:334:in `loop'
concurrent-ruby (1.2.2) lib/concurrent-ruby/concurrent/executor/ruby_thread_pool_executor.rb:334:in `block (2 levels) in create_worker'
concurrent-ruby (1.2.2) lib/concurrent-ruby/concurrent/executor/ruby_thread_pool_executor.rb:333:in `catch'
concurrent-ruby (1.2.2) lib/concurrent-ruby/concurrent/executor/ruby_thread_pool_executor.rb:333:in `block in create_worker'
Started GET "/about" for 127.0.0.1 at 2023-11-25 22:48:21 +0200
Processing by AboutController#index as HTML
  Rendering layout layouts/application.html.erb
  Rendering about/index.html.erb within layouts/application
  Rendered about/index.html.erb within layouts/application (Duration: 0.0ms | Allocations: 6)
  Rendered layout layouts/application.html.erb (Duration: 57.4ms | Allocations: 30912)
Completed 200 OK in 61ms (Views: 58.7ms | ActiveRecord: 0.0ms | Allocations: 31182)


Started GET "/about" for 127.0.0.1 at 2023-11-25 22:48:26 +0200
Processing by AboutController#index as HTML
  Rendering layout layouts/application.html.erb
  Rendering about/index.html.erb within layouts/application
  Rendered about/index.html.erb within layouts/application (Duration: 0.0ms | Allocations: 6)
  Rendered layout layouts/application.html.erb (Duration: 151.4ms | Allocations: 15945)
Completed 200 OK in 154ms (Views: 152.3ms | ActiveRecord: 0.0ms | Allocations: 16204)


Started GET "/" for 127.0.0.1 at 2023-11-25 23:08:00 +0200
Processing by MainController#index as HTML
Completed 406 Not Acceptable in 6ms (ActiveRecord: 0.0ms | Allocations: 794)


  
ActionController::MissingExactTemplate (MainController#index is missing a template for request formats: text/html):
  
actionpack (7.1.2) lib/action_controller/metal/implicit_render.rb:47:in `default_render'
actionpack (7.1.2) lib/action_controller/metal/basic_implicit_render.rb:7:in `send_action'
actionpack (7.1.2) lib/abstract_controller/base.rb:224:in `process_action'
actionpack (7.1.2) lib/action_controller/metal/rendering.rb:165:in `process_action'
actionpack (7.1.2) lib/abstract_controller/callbacks.rb:259:in `block in process_action'
activesupport (7.1.2) lib/active_support/callbacks.rb:121:in `block in run_callbacks'
actiontext (7.1.2) lib/action_text/rendering.rb:23:in `with_renderer'
actiontext (7.1.2) lib/action_text/engine.rb:69:in `block (4 levels) in <class:Engine>'
activesupport (7.1.2) lib/active_support/callbacks.rb:130:in `instance_exec'
activesupport (7.1.2) lib/active_support/callbacks.rb:130:in `block in run_callbacks'
activesupport (7.1.2) lib/active_support/callbacks.rb:141:in `run_callbacks'
actionpack (7.1.2) lib/abstract_controller/callbacks.rb:258:in `process_action'
actionpack (7.1.2) lib/action_controller/metal/rescue.rb:25:in `process_action'
actionpack (7.1.2) lib/action_controller/metal/instrumentation.rb:74:in `block in process_action'
activesupport (7.1.2) lib/active_support/notifications.rb:206:in `block in instrument'
activesupport (7.1.2) lib/active_support/notifications/instrumenter.rb:58:in `instrument'
activesupport (7.1.2) lib/active_support/notifications.rb:206:in `instrument'
actionpack (7.1.2) lib/action_controller/metal/instrumentation.rb:73:in `process_action'
actionpack (7.1.2) lib/action_controller/metal/params_wrapper.rb:261:in `process_action'
activerecord (7.1.2) lib/active_record/railties/controller_runtime.rb:32:in `process_action'
actionpack (7.1.2) lib/abstract_controller/base.rb:160:in `process'
actionview (7.1.2) lib/action_view/rendering.rb:40:in `process'
actionpack (7.1.2) lib/action_controller/metal.rb:227:in `dispatch'
actionpack (7.1.2) lib/action_controller/metal.rb:309:in `dispatch'
actionpack (7.1.2) lib/action_dispatch/routing/route_set.rb:49:in `dispatch'
actionpack (7.1.2) lib/action_dispatch/routing/route_set.rb:32:in `serve'
actionpack (7.1.2) lib/action_dispatch/journey/router.rb:51:in `block in serve'
actionpack (7.1.2) lib/action_dispatch/journey/router.rb:131:in `block in find_routes'
actionpack (7.1.2) lib/action_dispatch/journey/router.rb:124:in `each'
actionpack (7.1.2) lib/action_dispatch/journey/router.rb:124:in `find_routes'
actionpack (7.1.2) lib/action_dispatch/journey/router.rb:32:in `serve'
actionpack (7.1.2) lib/action_dispatch/routing/route_set.rb:882:in `call'
rack (3.0.8) lib/rack/tempfile_reaper.rb:20:in `call'
rack (3.0.8) lib/rack/etag.rb:29:in `call'
rack (3.0.8) lib/rack/conditional_get.rb:31:in `call'
rack (3.0.8) lib/rack/head.rb:15:in `call'
actionpack (7.1.2) lib/action_dispatch/http/permissions_policy.rb:36:in `call'
actionpack (7.1.2) lib/action_dispatch/http/content_security_policy.rb:33:in `call'
rack-session (2.0.0) lib/rack/session/abstract/id.rb:272:in `context'
rack-session (2.0.0) lib/rack/session/abstract/id.rb:266:in `call'
actionpack (7.1.2) lib/action_dispatch/middleware/cookies.rb:689:in `call'
activerecord (7.1.2) lib/active_record/migration.rb:654:in `call'
actionpack (7.1.2) lib/action_dispatch/middleware/callbacks.rb:29:in `block in call'
activesupport (7.1.2) lib/active_support/callbacks.rb:101:in `run_callbacks'
actionpack (7.1.2) lib/action_dispatch/middleware/callbacks.rb:28:in `call'
actionpack (7.1.2) lib/action_dispatch/middleware/executor.rb:14:in `call'
actionpack (7.1.2) lib/action_dispatch/middleware/actionable_exceptions.rb:16:in `call'
actionpack (7.1.2) lib/action_dispatch/middleware/debug_exceptions.rb:29:in `call'
web-console (4.2.1) lib/web_console/middleware.rb:132:in `call_app'
web-console (4.2.1) lib/web_console/middleware.rb:28:in `block in call'
web-console (4.2.1) lib/web_console/middleware.rb:17:in `catch'
web-console (4.2.1) lib/web_console/middleware.rb:17:in `call'
actionpack (7.1.2) lib/action_dispatch/middleware/show_exceptions.rb:31:in `call'
railties (7.1.2) lib/rails/rack/logger.rb:37:in `call_app'
railties (7.1.2) lib/rails/rack/logger.rb:24:in `block in call'
activesupport (7.1.2) lib/active_support/tagged_logging.rb:135:in `block in tagged'
activesupport (7.1.2) lib/active_support/tagged_logging.rb:39:in `tagged'
activesupport (7.1.2) lib/active_support/tagged_logging.rb:135:in `tagged'
activesupport (7.1.2) lib/active_support/broadcast_logger.rb:240:in `method_missing'
railties (7.1.2) lib/rails/rack/logger.rb:24:in `call'
sprockets-rails (3.4.2) lib/sprockets/rails/quiet_assets.rb:13:in `call'
actionpack (7.1.2) lib/action_dispatch/middleware/remote_ip.rb:92:in `call'
actionpack (7.1.2) lib/action_dispatch/middleware/request_id.rb:28:in `call'
rack (3.0.8) lib/rack/method_override.rb:28:in `call'
rack (3.0.8) lib/rack/runtime.rb:24:in `call'
activesupport (7.1.2) lib/active_support/cache/strategy/local_cache_middleware.rb:29:in `call'
actionpack (7.1.2) lib/action_dispatch/middleware/server_timing.rb:59:in `block in call'
actionpack (7.1.2) lib/action_dispatch/middleware/server_timing.rb:24:in `collect_events'
actionpack (7.1.2) lib/action_dispatch/middleware/server_timing.rb:58:in `call'
actionpack (7.1.2) lib/action_dispatch/middleware/executor.rb:14:in `call'
actionpack (7.1.2) lib/action_dispatch/middleware/static.rb:25:in `call'
rack (3.0.8) lib/rack/sendfile.rb:114:in `call'
actionpack (7.1.2) lib/action_dispatch/middleware/host_authorization.rb:141:in `call'
railties (7.1.2) lib/rails/engine.rb:529:in `call'
puma (6.4.0) lib/puma/configuration.rb:272:in `call'
puma (6.4.0) lib/puma/request.rb:100:in `block in handle_request'
puma (6.4.0) lib/puma/thread_pool.rb:378:in `with_force_shutdown'
puma (6.4.0) lib/puma/request.rb:99:in `handle_request'
puma (6.4.0) lib/puma/server.rb:443:in `process_client'
puma (6.4.0) lib/puma/server.rb:241:in `block in run'
puma (6.4.0) lib/puma/thread_pool.rb:155:in `block in spawn_thread'
Started GET "/" for 127.0.0.1 at 2023-11-25 23:08:51 +0200
Processing by MainController#index as HTML
Completed 406 Not Acceptable in 5ms (ActiveRecord: 0.0ms | Allocations: 766)


  
ActionController::MissingExactTemplate (MainController#index is missing a template for request formats: text/html):
  
actionpack (7.1.2) lib/action_controller/metal/implicit_render.rb:47:in `default_render'
actionpack (7.1.2) lib/action_controller/metal/basic_implicit_render.rb:7:in `send_action'
actionpack (7.1.2) lib/abstract_controller/base.rb:224:in `process_action'
actionpack (7.1.2) lib/action_controller/metal/rendering.rb:165:in `process_action'
actionpack (7.1.2) lib/abstract_controller/callbacks.rb:259:in `block in process_action'
activesupport (7.1.2) lib/active_support/callbacks.rb:121:in `block in run_callbacks'
actiontext (7.1.2) lib/action_text/rendering.rb:23:in `with_renderer'
actiontext (7.1.2) lib/action_text/engine.rb:69:in `block (4 levels) in <class:Engine>'
activesupport (7.1.2) lib/active_support/callbacks.rb:130:in `instance_exec'
activesupport (7.1.2) lib/active_support/callbacks.rb:130:in `block in run_callbacks'
activesupport (7.1.2) lib/active_support/callbacks.rb:141:in `run_callbacks'
actionpack (7.1.2) lib/abstract_controller/callbacks.rb:258:in `process_action'
actionpack (7.1.2) lib/action_controller/metal/rescue.rb:25:in `process_action'
actionpack (7.1.2) lib/action_controller/metal/instrumentation.rb:74:in `block in process_action'
activesupport (7.1.2) lib/active_support/notifications.rb:206:in `block in instrument'
activesupport (7.1.2) lib/active_support/notifications/instrumenter.rb:58:in `instrument'
activesupport (7.1.2) lib/active_support/notifications.rb:206:in `instrument'
actionpack (7.1.2) lib/action_controller/metal/instrumentation.rb:73:in `process_action'
actionpack (7.1.2) lib/action_controller/metal/params_wrapper.rb:261:in `process_action'
activerecord (7.1.2) lib/active_record/railties/controller_runtime.rb:32:in `process_action'
actionpack (7.1.2) lib/abstract_controller/base.rb:160:in `process'
actionview (7.1.2) lib/action_view/rendering.rb:40:in `process'
actionpack (7.1.2) lib/action_controller/metal.rb:227:in `dispatch'
actionpack (7.1.2) lib/action_controller/metal.rb:309:in `dispatch'
actionpack (7.1.2) lib/action_dispatch/routing/route_set.rb:49:in `dispatch'
actionpack (7.1.2) lib/action_dispatch/routing/route_set.rb:32:in `serve'
actionpack (7.1.2) lib/action_dispatch/journey/router.rb:51:in `block in serve'
actionpack (7.1.2) lib/action_dispatch/journey/router.rb:131:in `block in find_routes'
actionpack (7.1.2) lib/action_dispatch/journey/router.rb:124:in `each'
actionpack (7.1.2) lib/action_dispatch/journey/router.rb:124:in `find_routes'
actionpack (7.1.2) lib/action_dispatch/journey/router.rb:32:in `serve'
actionpack (7.1.2) lib/action_dispatch/routing/route_set.rb:882:in `call'
rack (3.0.8) lib/rack/tempfile_reaper.rb:20:in `call'
rack (3.0.8) lib/rack/etag.rb:29:in `call'
rack (3.0.8) lib/rack/conditional_get.rb:31:in `call'
rack (3.0.8) lib/rack/head.rb:15:in `call'
actionpack (7.1.2) lib/action_dispatch/http/permissions_policy.rb:36:in `call'
actionpack (7.1.2) lib/action_dispatch/http/content_security_policy.rb:33:in `call'
rack-session (2.0.0) lib/rack/session/abstract/id.rb:272:in `context'
rack-session (2.0.0) lib/rack/session/abstract/id.rb:266:in `call'
actionpack (7.1.2) lib/action_dispatch/middleware/cookies.rb:689:in `call'
activerecord (7.1.2) lib/active_record/migration.rb:654:in `call'
actionpack (7.1.2) lib/action_dispatch/middleware/callbacks.rb:29:in `block in call'
activesupport (7.1.2) lib/active_support/callbacks.rb:101:in `run_callbacks'
actionpack (7.1.2) lib/action_dispatch/middleware/callbacks.rb:28:in `call'
actionpack (7.1.2) lib/action_dispatch/middleware/executor.rb:14:in `call'
actionpack (7.1.2) lib/action_dispatch/middleware/actionable_exceptions.rb:16:in `call'
actionpack (7.1.2) lib/action_dispatch/middleware/debug_exceptions.rb:29:in `call'
web-console (4.2.1) lib/web_console/middleware.rb:132:in `call_app'
web-console (4.2.1) lib/web_console/middleware.rb:28:in `block in call'
web-console (4.2.1) lib/web_console/middleware.rb:17:in `catch'
web-console (4.2.1) lib/web_console/middleware.rb:17:in `call'
actionpack (7.1.2) lib/action_dispatch/middleware/show_exceptions.rb:31:in `call'
railties (7.1.2) lib/rails/rack/logger.rb:37:in `call_app'
railties (7.1.2) lib/rails/rack/logger.rb:24:in `block in call'
activesupport (7.1.2) lib/active_support/tagged_logging.rb:135:in `block in tagged'
activesupport (7.1.2) lib/active_support/tagged_logging.rb:39:in `tagged'
activesupport (7.1.2) lib/active_support/tagged_logging.rb:135:in `tagged'
activesupport (7.1.2) lib/active_support/broadcast_logger.rb:240:in `method_missing'
railties (7.1.2) lib/rails/rack/logger.rb:24:in `call'
sprockets-rails (3.4.2) lib/sprockets/rails/quiet_assets.rb:13:in `call'
actionpack (7.1.2) lib/action_dispatch/middleware/remote_ip.rb:92:in `call'
actionpack (7.1.2) lib/action_dispatch/middleware/request_id.rb:28:in `call'
rack (3.0.8) lib/rack/method_override.rb:28:in `call'
rack (3.0.8) lib/rack/runtime.rb:24:in `call'
activesupport (7.1.2) lib/active_support/cache/strategy/local_cache_middleware.rb:29:in `call'
actionpack (7.1.2) lib/action_dispatch/middleware/server_timing.rb:59:in `block in call'
actionpack (7.1.2) lib/action_dispatch/middleware/server_timing.rb:24:in `collect_events'
actionpack (7.1.2) lib/action_dispatch/middleware/server_timing.rb:58:in `call'
actionpack (7.1.2) lib/action_dispatch/middleware/executor.rb:14:in `call'
actionpack (7.1.2) lib/action_dispatch/middleware/static.rb:25:in `call'
rack (3.0.8) lib/rack/sendfile.rb:114:in `call'
actionpack (7.1.2) lib/action_dispatch/middleware/host_authorization.rb:141:in `call'
railties (7.1.2) lib/rails/engine.rb:529:in `call'
puma (6.4.0) lib/puma/configuration.rb:272:in `call'
puma (6.4.0) lib/puma/request.rb:100:in `block in handle_request'
puma (6.4.0) lib/puma/thread_pool.rb:378:in `with_force_shutdown'
puma (6.4.0) lib/puma/request.rb:99:in `handle_request'
puma (6.4.0) lib/puma/server.rb:443:in `process_client'
puma (6.4.0) lib/puma/server.rb:241:in `block in run'
puma (6.4.0) lib/puma/thread_pool.rb:155:in `block in spawn_thread'
Started GET "/" for 127.0.0.1 at 2023-11-25 23:08:54 +0200
Processing by MainController#index as HTML
Completed 406 Not Acceptable in 3ms (ActiveRecord: 0.0ms | Allocations: 538)


  
ActionController::MissingExactTemplate (MainController#index is missing a template for request formats: text/html):
  
actionpack (7.1.2) lib/action_controller/metal/implicit_render.rb:47:in `default_render'
actionpack (7.1.2) lib/action_controller/metal/basic_implicit_render.rb:7:in `send_action'
actionpack (7.1.2) lib/abstract_controller/base.rb:224:in `process_action'
actionpack (7.1.2) lib/action_controller/metal/rendering.rb:165:in `process_action'
actionpack (7.1.2) lib/abstract_controller/callbacks.rb:259:in `block in process_action'
activesupport (7.1.2) lib/active_support/callbacks.rb:121:in `block in run_callbacks'
actiontext (7.1.2) lib/action_text/rendering.rb:23:in `with_renderer'
actiontext (7.1.2) lib/action_text/engine.rb:69:in `block (4 levels) in <class:Engine>'
activesupport (7.1.2) lib/active_support/callbacks.rb:130:in `instance_exec'
activesupport (7.1.2) lib/active_support/callbacks.rb:130:in `block in run_callbacks'
activesupport (7.1.2) lib/active_support/callbacks.rb:141:in `run_callbacks'
actionpack (7.1.2) lib/abstract_controller/callbacks.rb:258:in `process_action'
actionpack (7.1.2) lib/action_controller/metal/rescue.rb:25:in `process_action'
actionpack (7.1.2) lib/action_controller/metal/instrumentation.rb:74:in `block in process_action'
activesupport (7.1.2) lib/active_support/notifications.rb:206:in `block in instrument'
activesupport (7.1.2) lib/active_support/notifications/instrumenter.rb:58:in `instrument'
activesupport (7.1.2) lib/active_support/notifications.rb:206:in `instrument'
actionpack (7.1.2) lib/action_controller/metal/instrumentation.rb:73:in `process_action'
actionpack (7.1.2) lib/action_controller/metal/params_wrapper.rb:261:in `process_action'
activerecord (7.1.2) lib/active_record/railties/controller_runtime.rb:32:in `process_action'
actionpack (7.1.2) lib/abstract_controller/base.rb:160:in `process'
actionview (7.1.2) lib/action_view/rendering.rb:40:in `process'
actionpack (7.1.2) lib/action_controller/metal.rb:227:in `dispatch'
actionpack (7.1.2) lib/action_controller/metal.rb:309:in `dispatch'
actionpack (7.1.2) lib/action_dispatch/routing/route_set.rb:49:in `dispatch'
actionpack (7.1.2) lib/action_dispatch/routing/route_set.rb:32:in `serve'
actionpack (7.1.2) lib/action_dispatch/journey/router.rb:51:in `block in serve'
actionpack (7.1.2) lib/action_dispatch/journey/router.rb:131:in `block in find_routes'
actionpack (7.1.2) lib/action_dispatch/journey/router.rb:124:in `each'
actionpack (7.1.2) lib/action_dispatch/journey/router.rb:124:in `find_routes'
actionpack (7.1.2) lib/action_dispatch/journey/router.rb:32:in `serve'
actionpack (7.1.2) lib/action_dispatch/routing/route_set.rb:882:in `call'
rack (3.0.8) lib/rack/tempfile_reaper.rb:20:in `call'
rack (3.0.8) lib/rack/etag.rb:29:in `call'
rack (3.0.8) lib/rack/conditional_get.rb:31:in `call'
rack (3.0.8) lib/rack/head.rb:15:in `call'
actionpack (7.1.2) lib/action_dispatch/http/permissions_policy.rb:36:in `call'
actionpack (7.1.2) lib/action_dispatch/http/content_security_policy.rb:33:in `call'
rack-session (2.0.0) lib/rack/session/abstract/id.rb:272:in `context'
rack-session (2.0.0) lib/rack/session/abstract/id.rb:266:in `call'
actionpack (7.1.2) lib/action_dispatch/middleware/cookies.rb:689:in `call'
activerecord (7.1.2) lib/active_record/migration.rb:654:in `call'
actionpack (7.1.2) lib/action_dispatch/middleware/callbacks.rb:29:in `block in call'
activesupport (7.1.2) lib/active_support/callbacks.rb:101:in `run_callbacks'
actionpack (7.1.2) lib/action_dispatch/middleware/callbacks.rb:28:in `call'
actionpack (7.1.2) lib/action_dispatch/middleware/executor.rb:14:in `call'
actionpack (7.1.2) lib/action_dispatch/middleware/actionable_exceptions.rb:16:in `call'
actionpack (7.1.2) lib/action_dispatch/middleware/debug_exceptions.rb:29:in `call'
web-console (4.2.1) lib/web_console/middleware.rb:132:in `call_app'
web-console (4.2.1) lib/web_console/middleware.rb:28:in `block in call'
web-console (4.2.1) lib/web_console/middleware.rb:17:in `catch'
web-console (4.2.1) lib/web_console/middleware.rb:17:in `call'
actionpack (7.1.2) lib/action_dispatch/middleware/show_exceptions.rb:31:in `call'
railties (7.1.2) lib/rails/rack/logger.rb:37:in `call_app'
railties (7.1.2) lib/rails/rack/logger.rb:24:in `block in call'
activesupport (7.1.2) lib/active_support/tagged_logging.rb:135:in `block in tagged'
activesupport (7.1.2) lib/active_support/tagged_logging.rb:39:in `tagged'
activesupport (7.1.2) lib/active_support/tagged_logging.rb:135:in `tagged'
activesupport (7.1.2) lib/active_support/broadcast_logger.rb:240:in `method_missing'
railties (7.1.2) lib/rails/rack/logger.rb:24:in `call'
sprockets-rails (3.4.2) lib/sprockets/rails/quiet_assets.rb:13:in `call'
actionpack (7.1.2) lib/action_dispatch/middleware/remote_ip.rb:92:in `call'
actionpack (7.1.2) lib/action_dispatch/middleware/request_id.rb:28:in `call'
rack (3.0.8) lib/rack/method_override.rb:28:in `call'
rack (3.0.8) lib/rack/runtime.rb:24:in `call'
activesupport (7.1.2) lib/active_support/cache/strategy/local_cache_middleware.rb:29:in `call'
actionpack (7.1.2) lib/action_dispatch/middleware/server_timing.rb:59:in `block in call'
actionpack (7.1.2) lib/action_dispatch/middleware/server_timing.rb:24:in `collect_events'
actionpack (7.1.2) lib/action_dispatch/middleware/server_timing.rb:58:in `call'
actionpack (7.1.2) lib/action_dispatch/middleware/executor.rb:14:in `call'
actionpack (7.1.2) lib/action_dispatch/middleware/static.rb:25:in `call'
rack (3.0.8) lib/rack/sendfile.rb:114:in `call'
actionpack (7.1.2) lib/action_dispatch/middleware/host_authorization.rb:141:in `call'
railties (7.1.2) lib/rails/engine.rb:529:in `call'
puma (6.4.0) lib/puma/configuration.rb:272:in `call'
puma (6.4.0) lib/puma/request.rb:100:in `block in handle_request'
puma (6.4.0) lib/puma/thread_pool.rb:378:in `with_force_shutdown'
puma (6.4.0) lib/puma/request.rb:99:in `handle_request'
puma (6.4.0) lib/puma/server.rb:443:in `process_client'
puma (6.4.0) lib/puma/server.rb:241:in `block in run'
puma (6.4.0) lib/puma/thread_pool.rb:155:in `block in spawn_thread'
Started GET "/" for 127.0.0.1 at 2023-11-25 23:09:44 +0200
Processing by MainController#index as HTML
Completed 406 Not Acceptable in 2ms (ActiveRecord: 0.0ms | Allocations: 537)


  
ActionController::MissingExactTemplate (MainController#index is missing a template for request formats: text/html):
  
actionpack (7.1.2) lib/action_controller/metal/implicit_render.rb:47:in `default_render'
actionpack (7.1.2) lib/action_controller/metal/basic_implicit_render.rb:7:in `send_action'
actionpack (7.1.2) lib/abstract_controller/base.rb:224:in `process_action'
actionpack (7.1.2) lib/action_controller/metal/rendering.rb:165:in `process_action'
actionpack (7.1.2) lib/abstract_controller/callbacks.rb:259:in `block in process_action'
activesupport (7.1.2) lib/active_support/callbacks.rb:121:in `block in run_callbacks'
actiontext (7.1.2) lib/action_text/rendering.rb:23:in `with_renderer'
actiontext (7.1.2) lib/action_text/engine.rb:69:in `block (4 levels) in <class:Engine>'
activesupport (7.1.2) lib/active_support/callbacks.rb:130:in `instance_exec'
activesupport (7.1.2) lib/active_support/callbacks.rb:130:in `block in run_callbacks'
activesupport (7.1.2) lib/active_support/callbacks.rb:141:in `run_callbacks'
actionpack (7.1.2) lib/abstract_controller/callbacks.rb:258:in `process_action'
actionpack (7.1.2) lib/action_controller/metal/rescue.rb:25:in `process_action'
actionpack (7.1.2) lib/action_controller/metal/instrumentation.rb:74:in `block in process_action'
activesupport (7.1.2) lib/active_support/notifications.rb:206:in `block in instrument'
activesupport (7.1.2) lib/active_support/notifications/instrumenter.rb:58:in `instrument'
activesupport (7.1.2) lib/active_support/notifications.rb:206:in `instrument'
actionpack (7.1.2) lib/action_controller/metal/instrumentation.rb:73:in `process_action'
actionpack (7.1.2) lib/action_controller/metal/params_wrapper.rb:261:in `process_action'
activerecord (7.1.2) lib/active_record/railties/controller_runtime.rb:32:in `process_action'
actionpack (7.1.2) lib/abstract_controller/base.rb:160:in `process'
actionview (7.1.2) lib/action_view/rendering.rb:40:in `process'
actionpack (7.1.2) lib/action_controller/metal.rb:227:in `dispatch'
actionpack (7.1.2) lib/action_controller/metal.rb:309:in `dispatch'
actionpack (7.1.2) lib/action_dispatch/routing/route_set.rb:49:in `dispatch'
actionpack (7.1.2) lib/action_dispatch/routing/route_set.rb:32:in `serve'
actionpack (7.1.2) lib/action_dispatch/journey/router.rb:51:in `block in serve'
actionpack (7.1.2) lib/action_dispatch/journey/router.rb:131:in `block in find_routes'
actionpack (7.1.2) lib/action_dispatch/journey/router.rb:124:in `each'
actionpack (7.1.2) lib/action_dispatch/journey/router.rb:124:in `find_routes'
actionpack (7.1.2) lib/action_dispatch/journey/router.rb:32:in `serve'
actionpack (7.1.2) lib/action_dispatch/routing/route_set.rb:882:in `call'
rack (3.0.8) lib/rack/tempfile_reaper.rb:20:in `call'
rack (3.0.8) lib/rack/etag.rb:29:in `call'
rack (3.0.8) lib/rack/conditional_get.rb:31:in `call'
rack (3.0.8) lib/rack/head.rb:15:in `call'
actionpack (7.1.2) lib/action_dispatch/http/permissions_policy.rb:36:in `call'
actionpack (7.1.2) lib/action_dispatch/http/content_security_policy.rb:33:in `call'
rack-session (2.0.0) lib/rack/session/abstract/id.rb:272:in `context'
rack-session (2.0.0) lib/rack/session/abstract/id.rb:266:in `call'
actionpack (7.1.2) lib/action_dispatch/middleware/cookies.rb:689:in `call'
activerecord (7.1.2) lib/active_record/migration.rb:654:in `call'
actionpack (7.1.2) lib/action_dispatch/middleware/callbacks.rb:29:in `block in call'
activesupport (7.1.2) lib/active_support/callbacks.rb:101:in `run_callbacks'
actionpack (7.1.2) lib/action_dispatch/middleware/callbacks.rb:28:in `call'
actionpack (7.1.2) lib/action_dispatch/middleware/executor.rb:14:in `call'
actionpack (7.1.2) lib/action_dispatch/middleware/actionable_exceptions.rb:16:in `call'
actionpack (7.1.2) lib/action_dispatch/middleware/debug_exceptions.rb:29:in `call'
web-console (4.2.1) lib/web_console/middleware.rb:132:in `call_app'
web-console (4.2.1) lib/web_console/middleware.rb:28:in `block in call'
web-console (4.2.1) lib/web_console/middleware.rb:17:in `catch'
web-console (4.2.1) lib/web_console/middleware.rb:17:in `call'
actionpack (7.1.2) lib/action_dispatch/middleware/show_exceptions.rb:31:in `call'
railties (7.1.2) lib/rails/rack/logger.rb:37:in `call_app'
railties (7.1.2) lib/rails/rack/logger.rb:24:in `block in call'
activesupport (7.1.2) lib/active_support/tagged_logging.rb:135:in `block in tagged'
activesupport (7.1.2) lib/active_support/tagged_logging.rb:39:in `tagged'
activesupport (7.1.2) lib/active_support/tagged_logging.rb:135:in `tagged'
activesupport (7.1.2) lib/active_support/broadcast_logger.rb:240:in `method_missing'
railties (7.1.2) lib/rails/rack/logger.rb:24:in `call'
sprockets-rails (3.4.2) lib/sprockets/rails/quiet_assets.rb:13:in `call'
actionpack (7.1.2) lib/action_dispatch/middleware/remote_ip.rb:92:in `call'
actionpack (7.1.2) lib/action_dispatch/middleware/request_id.rb:28:in `call'
rack (3.0.8) lib/rack/method_override.rb:28:in `call'
rack (3.0.8) lib/rack/runtime.rb:24:in `call'
activesupport (7.1.2) lib/active_support/cache/strategy/local_cache_middleware.rb:29:in `call'
actionpack (7.1.2) lib/action_dispatch/middleware/server_timing.rb:59:in `block in call'
actionpack (7.1.2) lib/action_dispatch/middleware/server_timing.rb:24:in `collect_events'
actionpack (7.1.2) lib/action_dispatch/middleware/server_timing.rb:58:in `call'
actionpack (7.1.2) lib/action_dispatch/middleware/executor.rb:14:in `call'
actionpack (7.1.2) lib/action_dispatch/middleware/static.rb:25:in `call'
rack (3.0.8) lib/rack/sendfile.rb:114:in `call'
actionpack (7.1.2) lib/action_dispatch/middleware/host_authorization.rb:141:in `call'
railties (7.1.2) lib/rails/engine.rb:529:in `call'
puma (6.4.0) lib/puma/configuration.rb:272:in `call'
puma (6.4.0) lib/puma/request.rb:100:in `block in handle_request'
puma (6.4.0) lib/puma/thread_pool.rb:378:in `with_force_shutdown'
puma (6.4.0) lib/puma/request.rb:99:in `handle_request'
puma (6.4.0) lib/puma/server.rb:443:in `process_client'
puma (6.4.0) lib/puma/server.rb:241:in `block in run'
puma (6.4.0) lib/puma/thread_pool.rb:155:in `block in spawn_thread'
Started GET "/" for 127.0.0.1 at 2023-11-25 23:09:50 +0200
Processing by MainController#index as HTML
Completed 406 Not Acceptable in 2ms (ActiveRecord: 0.0ms | Allocations: 537)


  
ActionController::MissingExactTemplate (MainController#index is missing a template for request formats: text/html):
  
actionpack (7.1.2) lib/action_controller/metal/implicit_render.rb:47:in `default_render'
actionpack (7.1.2) lib/action_controller/metal/basic_implicit_render.rb:7:in `send_action'
actionpack (7.1.2) lib/abstract_controller/base.rb:224:in `process_action'
actionpack (7.1.2) lib/action_controller/metal/rendering.rb:165:in `process_action'
actionpack (7.1.2) lib/abstract_controller/callbacks.rb:259:in `block in process_action'
activesupport (7.1.2) lib/active_support/callbacks.rb:121:in `block in run_callbacks'
actiontext (7.1.2) lib/action_text/rendering.rb:23:in `with_renderer'
actiontext (7.1.2) lib/action_text/engine.rb:69:in `block (4 levels) in <class:Engine>'
activesupport (7.1.2) lib/active_support/callbacks.rb:130:in `instance_exec'
activesupport (7.1.2) lib/active_support/callbacks.rb:130:in `block in run_callbacks'
activesupport (7.1.2) lib/active_support/callbacks.rb:141:in `run_callbacks'
actionpack (7.1.2) lib/abstract_controller/callbacks.rb:258:in `process_action'
actionpack (7.1.2) lib/action_controller/metal/rescue.rb:25:in `process_action'
actionpack (7.1.2) lib/action_controller/metal/instrumentation.rb:74:in `block in process_action'
activesupport (7.1.2) lib/active_support/notifications.rb:206:in `block in instrument'
activesupport (7.1.2) lib/active_support/notifications/instrumenter.rb:58:in `instrument'
activesupport (7.1.2) lib/active_support/notifications.rb:206:in `instrument'
actionpack (7.1.2) lib/action_controller/metal/instrumentation.rb:73:in `process_action'
actionpack (7.1.2) lib/action_controller/metal/params_wrapper.rb:261:in `process_action'
activerecord (7.1.2) lib/active_record/railties/controller_runtime.rb:32:in `process_action'
actionpack (7.1.2) lib/abstract_controller/base.rb:160:in `process'
actionview (7.1.2) lib/action_view/rendering.rb:40:in `process'
actionpack (7.1.2) lib/action_controller/metal.rb:227:in `dispatch'
actionpack (7.1.2) lib/action_controller/metal.rb:309:in `dispatch'
actionpack (7.1.2) lib/action_dispatch/routing/route_set.rb:49:in `dispatch'
actionpack (7.1.2) lib/action_dispatch/routing/route_set.rb:32:in `serve'
actionpack (7.1.2) lib/action_dispatch/journey/router.rb:51:in `block in serve'
actionpack (7.1.2) lib/action_dispatch/journey/router.rb:131:in `block in find_routes'
actionpack (7.1.2) lib/action_dispatch/journey/router.rb:124:in `each'
actionpack (7.1.2) lib/action_dispatch/journey/router.rb:124:in `find_routes'
actionpack (7.1.2) lib/action_dispatch/journey/router.rb:32:in `serve'
actionpack (7.1.2) lib/action_dispatch/routing/route_set.rb:882:in `call'
rack (3.0.8) lib/rack/tempfile_reaper.rb:20:in `call'
rack (3.0.8) lib/rack/etag.rb:29:in `call'
rack (3.0.8) lib/rack/conditional_get.rb:31:in `call'
rack (3.0.8) lib/rack/head.rb:15:in `call'
actionpack (7.1.2) lib/action_dispatch/http/permissions_policy.rb:36:in `call'
actionpack (7.1.2) lib/action_dispatch/http/content_security_policy.rb:33:in `call'
rack-session (2.0.0) lib/rack/session/abstract/id.rb:272:in `context'
rack-session (2.0.0) lib/rack/session/abstract/id.rb:266:in `call'
actionpack (7.1.2) lib/action_dispatch/middleware/cookies.rb:689:in `call'
activerecord (7.1.2) lib/active_record/migration.rb:654:in `call'
actionpack (7.1.2) lib/action_dispatch/middleware/callbacks.rb:29:in `block in call'
activesupport (7.1.2) lib/active_support/callbacks.rb:101:in `run_callbacks'
actionpack (7.1.2) lib/action_dispatch/middleware/callbacks.rb:28:in `call'
actionpack (7.1.2) lib/action_dispatch/middleware/executor.rb:14:in `call'
actionpack (7.1.2) lib/action_dispatch/middleware/actionable_exceptions.rb:16:in `call'
actionpack (7.1.2) lib/action_dispatch/middleware/debug_exceptions.rb:29:in `call'
web-console (4.2.1) lib/web_console/middleware.rb:132:in `call_app'
web-console (4.2.1) lib/web_console/middleware.rb:28:in `block in call'
web-console (4.2.1) lib/web_console/middleware.rb:17:in `catch'
web-console (4.2.1) lib/web_console/middleware.rb:17:in `call'
actionpack (7.1.2) lib/action_dispatch/middleware/show_exceptions.rb:31:in `call'
railties (7.1.2) lib/rails/rack/logger.rb:37:in `call_app'
railties (7.1.2) lib/rails/rack/logger.rb:24:in `block in call'
activesupport (7.1.2) lib/active_support/tagged_logging.rb:135:in `block in tagged'
activesupport (7.1.2) lib/active_support/tagged_logging.rb:39:in `tagged'
activesupport (7.1.2) lib/active_support/tagged_logging.rb:135:in `tagged'
activesupport (7.1.2) lib/active_support/broadcast_logger.rb:240:in `method_missing'
railties (7.1.2) lib/rails/rack/logger.rb:24:in `call'
sprockets-rails (3.4.2) lib/sprockets/rails/quiet_assets.rb:13:in `call'
actionpack (7.1.2) lib/action_dispatch/middleware/remote_ip.rb:92:in `call'
actionpack (7.1.2) lib/action_dispatch/middleware/request_id.rb:28:in `call'
rack (3.0.8) lib/rack/method_override.rb:28:in `call'
rack (3.0.8) lib/rack/runtime.rb:24:in `call'
activesupport (7.1.2) lib/active_support/cache/strategy/local_cache_middleware.rb:29:in `call'
actionpack (7.1.2) lib/action_dispatch/middleware/server_timing.rb:59:in `block in call'
actionpack (7.1.2) lib/action_dispatch/middleware/server_timing.rb:24:in `collect_events'
actionpack (7.1.2) lib/action_dispatch/middleware/server_timing.rb:58:in `call'
actionpack (7.1.2) lib/action_dispatch/middleware/executor.rb:14:in `call'
actionpack (7.1.2) lib/action_dispatch/middleware/static.rb:25:in `call'
rack (3.0.8) lib/rack/sendfile.rb:114:in `call'
actionpack (7.1.2) lib/action_dispatch/middleware/host_authorization.rb:141:in `call'
railties (7.1.2) lib/rails/engine.rb:529:in `call'
puma (6.4.0) lib/puma/configuration.rb:272:in `call'
puma (6.4.0) lib/puma/request.rb:100:in `block in handle_request'
puma (6.4.0) lib/puma/thread_pool.rb:378:in `with_force_shutdown'
puma (6.4.0) lib/puma/request.rb:99:in `handle_request'
puma (6.4.0) lib/puma/server.rb:443:in `process_client'
puma (6.4.0) lib/puma/server.rb:241:in `block in run'
puma (6.4.0) lib/puma/thread_pool.rb:155:in `block in spawn_thread'
Started GET "/about" for 127.0.0.1 at 2023-11-25 23:12:25 +0200
Processing by AboutController#index as HTML
  Rendering layout layouts/application.html.erb
  Rendering about/index.html.erb within layouts/application
  Rendered about/index.html.erb within layouts/application (Duration: 0.6ms | Allocations: 93)
  Rendered layout layouts/application.html.erb (Duration: 61.0ms | Allocations: 14000)
Completed 200 OK in 72ms (Views: 65.6ms | ActiveRecord: 0.0ms | Allocations: 14908)


Started GET "/" for 127.0.0.1 at 2023-11-25 23:12:30 +0200
Processing by MainController#index as HTML
Completed 406 Not Acceptable in 6ms (ActiveRecord: 0.0ms | Allocations: 721)


  
ActionController::MissingExactTemplate (MainController#index is missing a template for request formats: text/html):
  
actionpack (7.1.2) lib/action_controller/metal/implicit_render.rb:47:in `default_render'
actionpack (7.1.2) lib/action_controller/metal/basic_implicit_render.rb:7:in `send_action'
actionpack (7.1.2) lib/abstract_controller/base.rb:224:in `process_action'
actionpack (7.1.2) lib/action_controller/metal/rendering.rb:165:in `process_action'
actionpack (7.1.2) lib/abstract_controller/callbacks.rb:259:in `block in process_action'
activesupport (7.1.2) lib/active_support/callbacks.rb:121:in `block in run_callbacks'
actiontext (7.1.2) lib/action_text/rendering.rb:23:in `with_renderer'
actiontext (7.1.2) lib/action_text/engine.rb:69:in `block (4 levels) in <class:Engine>'
activesupport (7.1.2) lib/active_support/callbacks.rb:130:in `instance_exec'
activesupport (7.1.2) lib/active_support/callbacks.rb:130:in `block in run_callbacks'
activesupport (7.1.2) lib/active_support/callbacks.rb:141:in `run_callbacks'
actionpack (7.1.2) lib/abstract_controller/callbacks.rb:258:in `process_action'
actionpack (7.1.2) lib/action_controller/metal/rescue.rb:25:in `process_action'
actionpack (7.1.2) lib/action_controller/metal/instrumentation.rb:74:in `block in process_action'
activesupport (7.1.2) lib/active_support/notifications.rb:206:in `block in instrument'
activesupport (7.1.2) lib/active_support/notifications/instrumenter.rb:58:in `instrument'
activesupport (7.1.2) lib/active_support/notifications.rb:206:in `instrument'
actionpack (7.1.2) lib/action_controller/metal/instrumentation.rb:73:in `process_action'
actionpack (7.1.2) lib/action_controller/metal/params_wrapper.rb:261:in `process_action'
activerecord (7.1.2) lib/active_record/railties/controller_runtime.rb:32:in `process_action'
actionpack (7.1.2) lib/abstract_controller/base.rb:160:in `process'
actionview (7.1.2) lib/action_view/rendering.rb:40:in `process'
actionpack (7.1.2) lib/action_controller/metal.rb:227:in `dispatch'
actionpack (7.1.2) lib/action_controller/metal.rb:309:in `dispatch'
actionpack (7.1.2) lib/action_dispatch/routing/route_set.rb:49:in `dispatch'
actionpack (7.1.2) lib/action_dispatch/routing/route_set.rb:32:in `serve'
actionpack (7.1.2) lib/action_dispatch/journey/router.rb:51:in `block in serve'
actionpack (7.1.2) lib/action_dispatch/journey/router.rb:131:in `block in find_routes'
actionpack (7.1.2) lib/action_dispatch/journey/router.rb:124:in `each'
actionpack (7.1.2) lib/action_dispatch/journey/router.rb:124:in `find_routes'
actionpack (7.1.2) lib/action_dispatch/journey/router.rb:32:in `serve'
actionpack (7.1.2) lib/action_dispatch/routing/route_set.rb:882:in `call'
rack (3.0.8) lib/rack/tempfile_reaper.rb:20:in `call'
rack (3.0.8) lib/rack/etag.rb:29:in `call'
rack (3.0.8) lib/rack/conditional_get.rb:31:in `call'
rack (3.0.8) lib/rack/head.rb:15:in `call'
actionpack (7.1.2) lib/action_dispatch/http/permissions_policy.rb:36:in `call'
actionpack (7.1.2) lib/action_dispatch/http/content_security_policy.rb:33:in `call'
rack-session (2.0.0) lib/rack/session/abstract/id.rb:272:in `context'
rack-session (2.0.0) lib/rack/session/abstract/id.rb:266:in `call'
actionpack (7.1.2) lib/action_dispatch/middleware/cookies.rb:689:in `call'
activerecord (7.1.2) lib/active_record/migration.rb:654:in `call'
actionpack (7.1.2) lib/action_dispatch/middleware/callbacks.rb:29:in `block in call'
activesupport (7.1.2) lib/active_support/callbacks.rb:101:in `run_callbacks'
actionpack (7.1.2) lib/action_dispatch/middleware/callbacks.rb:28:in `call'
actionpack (7.1.2) lib/action_dispatch/middleware/executor.rb:14:in `call'
actionpack (7.1.2) lib/action_dispatch/middleware/actionable_exceptions.rb:16:in `call'
actionpack (7.1.2) lib/action_dispatch/middleware/debug_exceptions.rb:29:in `call'
web-console (4.2.1) lib/web_console/middleware.rb:132:in `call_app'
web-console (4.2.1) lib/web_console/middleware.rb:28:in `block in call'
web-console (4.2.1) lib/web_console/middleware.rb:17:in `catch'
web-console (4.2.1) lib/web_console/middleware.rb:17:in `call'
actionpack (7.1.2) lib/action_dispatch/middleware/show_exceptions.rb:31:in `call'
railties (7.1.2) lib/rails/rack/logger.rb:37:in `call_app'
railties (7.1.2) lib/rails/rack/logger.rb:24:in `block in call'
activesupport (7.1.2) lib/active_support/tagged_logging.rb:135:in `block in tagged'
activesupport (7.1.2) lib/active_support/tagged_logging.rb:39:in `tagged'
activesupport (7.1.2) lib/active_support/tagged_logging.rb:135:in `tagged'
activesupport (7.1.2) lib/active_support/broadcast_logger.rb:240:in `method_missing'
railties (7.1.2) lib/rails/rack/logger.rb:24:in `call'
sprockets-rails (3.4.2) lib/sprockets/rails/quiet_assets.rb:13:in `call'
actionpack (7.1.2) lib/action_dispatch/middleware/remote_ip.rb:92:in `call'
actionpack (7.1.2) lib/action_dispatch/middleware/request_id.rb:28:in `call'
rack (3.0.8) lib/rack/method_override.rb:28:in `call'
rack (3.0.8) lib/rack/runtime.rb:24:in `call'
activesupport (7.1.2) lib/active_support/cache/strategy/local_cache_middleware.rb:29:in `call'
actionpack (7.1.2) lib/action_dispatch/middleware/server_timing.rb:59:in `block in call'
actionpack (7.1.2) lib/action_dispatch/middleware/server_timing.rb:24:in `collect_events'
actionpack (7.1.2) lib/action_dispatch/middleware/server_timing.rb:58:in `call'
actionpack (7.1.2) lib/action_dispatch/middleware/executor.rb:14:in `call'
actionpack (7.1.2) lib/action_dispatch/middleware/static.rb:25:in `call'
rack (3.0.8) lib/rack/sendfile.rb:114:in `call'
actionpack (7.1.2) lib/action_dispatch/middleware/host_authorization.rb:141:in `call'
railties (7.1.2) lib/rails/engine.rb:529:in `call'
puma (6.4.0) lib/puma/configuration.rb:272:in `call'
puma (6.4.0) lib/puma/request.rb:100:in `block in handle_request'
puma (6.4.0) lib/puma/thread_pool.rb:378:in `with_force_shutdown'
puma (6.4.0) lib/puma/request.rb:99:in `handle_request'
puma (6.4.0) lib/puma/server.rb:443:in `process_client'
puma (6.4.0) lib/puma/server.rb:241:in `block in run'
puma (6.4.0) lib/puma/thread_pool.rb:155:in `block in spawn_thread'
Started GET "/" for 127.0.0.1 at 2023-11-25 23:12:30 +0200
Processing by MainController#index as HTML
Completed 406 Not Acceptable in 2ms (ActiveRecord: 0.0ms | Allocations: 535)


  
ActionController::MissingExactTemplate (MainController#index is missing a template for request formats: text/html):
  
actionpack (7.1.2) lib/action_controller/metal/implicit_render.rb:47:in `default_render'
actionpack (7.1.2) lib/action_controller/metal/basic_implicit_render.rb:7:in `send_action'
actionpack (7.1.2) lib/abstract_controller/base.rb:224:in `process_action'
actionpack (7.1.2) lib/action_controller/metal/rendering.rb:165:in `process_action'
actionpack (7.1.2) lib/abstract_controller/callbacks.rb:259:in `block in process_action'
activesupport (7.1.2) lib/active_support/callbacks.rb:121:in `block in run_callbacks'
actiontext (7.1.2) lib/action_text/rendering.rb:23:in `with_renderer'
actiontext (7.1.2) lib/action_text/engine.rb:69:in `block (4 levels) in <class:Engine>'
activesupport (7.1.2) lib/active_support/callbacks.rb:130:in `instance_exec'
activesupport (7.1.2) lib/active_support/callbacks.rb:130:in `block in run_callbacks'
activesupport (7.1.2) lib/active_support/callbacks.rb:141:in `run_callbacks'
actionpack (7.1.2) lib/abstract_controller/callbacks.rb:258:in `process_action'
actionpack (7.1.2) lib/action_controller/metal/rescue.rb:25:in `process_action'
actionpack (7.1.2) lib/action_controller/metal/instrumentation.rb:74:in `block in process_action'
activesupport (7.1.2) lib/active_support/notifications.rb:206:in `block in instrument'
activesupport (7.1.2) lib/active_support/notifications/instrumenter.rb:58:in `instrument'
activesupport (7.1.2) lib/active_support/notifications.rb:206:in `instrument'
actionpack (7.1.2) lib/action_controller/metal/instrumentation.rb:73:in `process_action'
actionpack (7.1.2) lib/action_controller/metal/params_wrapper.rb:261:in `process_action'
activerecord (7.1.2) lib/active_record/railties/controller_runtime.rb:32:in `process_action'
actionpack (7.1.2) lib/abstract_controller/base.rb:160:in `process'
actionview (7.1.2) lib/action_view/rendering.rb:40:in `process'
actionpack (7.1.2) lib/action_controller/metal.rb:227:in `dispatch'
actionpack (7.1.2) lib/action_controller/metal.rb:309:in `dispatch'
actionpack (7.1.2) lib/action_dispatch/routing/route_set.rb:49:in `dispatch'
actionpack (7.1.2) lib/action_dispatch/routing/route_set.rb:32:in `serve'
actionpack (7.1.2) lib/action_dispatch/journey/router.rb:51:in `block in serve'
actionpack (7.1.2) lib/action_dispatch/journey/router.rb:131:in `block in find_routes'
actionpack (7.1.2) lib/action_dispatch/journey/router.rb:124:in `each'
actionpack (7.1.2) lib/action_dispatch/journey/router.rb:124:in `find_routes'
actionpack (7.1.2) lib/action_dispatch/journey/router.rb:32:in `serve'
actionpack (7.1.2) lib/action_dispatch/routing/route_set.rb:882:in `call'
rack (3.0.8) lib/rack/tempfile_reaper.rb:20:in `call'
rack (3.0.8) lib/rack/etag.rb:29:in `call'
rack (3.0.8) lib/rack/conditional_get.rb:31:in `call'
rack (3.0.8) lib/rack/head.rb:15:in `call'
actionpack (7.1.2) lib/action_dispatch/http/permissions_policy.rb:36:in `call'
actionpack (7.1.2) lib/action_dispatch/http/content_security_policy.rb:33:in `call'
rack-session (2.0.0) lib/rack/session/abstract/id.rb:272:in `context'
rack-session (2.0.0) lib/rack/session/abstract/id.rb:266:in `call'
actionpack (7.1.2) lib/action_dispatch/middleware/cookies.rb:689:in `call'
activerecord (7.1.2) lib/active_record/migration.rb:654:in `call'
actionpack (7.1.2) lib/action_dispatch/middleware/callbacks.rb:29:in `block in call'
activesupport (7.1.2) lib/active_support/callbacks.rb:101:in `run_callbacks'
actionpack (7.1.2) lib/action_dispatch/middleware/callbacks.rb:28:in `call'
actionpack (7.1.2) lib/action_dispatch/middleware/executor.rb:14:in `call'
actionpack (7.1.2) lib/action_dispatch/middleware/actionable_exceptions.rb:16:in `call'
actionpack (7.1.2) lib/action_dispatch/middleware/debug_exceptions.rb:29:in `call'
web-console (4.2.1) lib/web_console/middleware.rb:132:in `call_app'
web-console (4.2.1) lib/web_console/middleware.rb:28:in `block in call'
web-console (4.2.1) lib/web_console/middleware.rb:17:in `catch'
web-console (4.2.1) lib/web_console/middleware.rb:17:in `call'
actionpack (7.1.2) lib/action_dispatch/middleware/show_exceptions.rb:31:in `call'
railties (7.1.2) lib/rails/rack/logger.rb:37:in `call_app'
railties (7.1.2) lib/rails/rack/logger.rb:24:in `block in call'
activesupport (7.1.2) lib/active_support/tagged_logging.rb:135:in `block in tagged'
activesupport (7.1.2) lib/active_support/tagged_logging.rb:39:in `tagged'
activesupport (7.1.2) lib/active_support/tagged_logging.rb:135:in `tagged'
activesupport (7.1.2) lib/active_support/broadcast_logger.rb:240:in `method_missing'
railties (7.1.2) lib/rails/rack/logger.rb:24:in `call'
sprockets-rails (3.4.2) lib/sprockets/rails/quiet_assets.rb:13:in `call'
actionpack (7.1.2) lib/action_dispatch/middleware/remote_ip.rb:92:in `call'
actionpack (7.1.2) lib/action_dispatch/middleware/request_id.rb:28:in `call'
rack (3.0.8) lib/rack/method_override.rb:28:in `call'
rack (3.0.8) lib/rack/runtime.rb:24:in `call'
activesupport (7.1.2) lib/active_support/cache/strategy/local_cache_middleware.rb:29:in `call'
actionpack (7.1.2) lib/action_dispatch/middleware/server_timing.rb:59:in `block in call'
actionpack (7.1.2) lib/action_dispatch/middleware/server_timing.rb:24:in `collect_events'
actionpack (7.1.2) lib/action_dispatch/middleware/server_timing.rb:58:in `call'
actionpack (7.1.2) lib/action_dispatch/middleware/executor.rb:14:in `call'
actionpack (7.1.2) lib/action_dispatch/middleware/static.rb:25:in `call'
rack (3.0.8) lib/rack/sendfile.rb:114:in `call'
actionpack (7.1.2) lib/action_dispatch/middleware/host_authorization.rb:141:in `call'
railties (7.1.2) lib/rails/engine.rb:529:in `call'
puma (6.4.0) lib/puma/configuration.rb:272:in `call'
puma (6.4.0) lib/puma/request.rb:100:in `block in handle_request'
puma (6.4.0) lib/puma/thread_pool.rb:378:in `with_force_shutdown'
puma (6.4.0) lib/puma/request.rb:99:in `handle_request'
puma (6.4.0) lib/puma/server.rb:443:in `process_client'
puma (6.4.0) lib/puma/server.rb:241:in `block in run'
puma (6.4.0) lib/puma/thread_pool.rb:155:in `block in spawn_thread'
Started GET "/" for 127.0.0.1 at 2023-11-25 23:12:43 +0200
Processing by MainController#index as HTML
Completed 406 Not Acceptable in 3ms (ActiveRecord: 0.0ms | Allocations: 537)


  
ActionController::MissingExactTemplate (MainController#index is missing a template for request formats: text/html):
  
actionpack (7.1.2) lib/action_controller/metal/implicit_render.rb:47:in `default_render'
actionpack (7.1.2) lib/action_controller/metal/basic_implicit_render.rb:7:in `send_action'
actionpack (7.1.2) lib/abstract_controller/base.rb:224:in `process_action'
actionpack (7.1.2) lib/action_controller/metal/rendering.rb:165:in `process_action'
actionpack (7.1.2) lib/abstract_controller/callbacks.rb:259:in `block in process_action'
activesupport (7.1.2) lib/active_support/callbacks.rb:121:in `block in run_callbacks'
actiontext (7.1.2) lib/action_text/rendering.rb:23:in `with_renderer'
actiontext (7.1.2) lib/action_text/engine.rb:69:in `block (4 levels) in <class:Engine>'
activesupport (7.1.2) lib/active_support/callbacks.rb:130:in `instance_exec'
activesupport (7.1.2) lib/active_support/callbacks.rb:130:in `block in run_callbacks'
activesupport (7.1.2) lib/active_support/callbacks.rb:141:in `run_callbacks'
actionpack (7.1.2) lib/abstract_controller/callbacks.rb:258:in `process_action'
actionpack (7.1.2) lib/action_controller/metal/rescue.rb:25:in `process_action'
actionpack (7.1.2) lib/action_controller/metal/instrumentation.rb:74:in `block in process_action'
activesupport (7.1.2) lib/active_support/notifications.rb:206:in `block in instrument'
activesupport (7.1.2) lib/active_support/notifications/instrumenter.rb:58:in `instrument'
activesupport (7.1.2) lib/active_support/notifications.rb:206:in `instrument'
actionpack (7.1.2) lib/action_controller/metal/instrumentation.rb:73:in `process_action'
actionpack (7.1.2) lib/action_controller/metal/params_wrapper.rb:261:in `process_action'
activerecord (7.1.2) lib/active_record/railties/controller_runtime.rb:32:in `process_action'
actionpack (7.1.2) lib/abstract_controller/base.rb:160:in `process'
actionview (7.1.2) lib/action_view/rendering.rb:40:in `process'
actionpack (7.1.2) lib/action_controller/metal.rb:227:in `dispatch'
actionpack (7.1.2) lib/action_controller/metal.rb:309:in `dispatch'
actionpack (7.1.2) lib/action_dispatch/routing/route_set.rb:49:in `dispatch'
actionpack (7.1.2) lib/action_dispatch/routing/route_set.rb:32:in `serve'
actionpack (7.1.2) lib/action_dispatch/journey/router.rb:51:in `block in serve'
actionpack (7.1.2) lib/action_dispatch/journey/router.rb:131:in `block in find_routes'
actionpack (7.1.2) lib/action_dispatch/journey/router.rb:124:in `each'
actionpack (7.1.2) lib/action_dispatch/journey/router.rb:124:in `find_routes'
actionpack (7.1.2) lib/action_dispatch/journey/router.rb:32:in `serve'
actionpack (7.1.2) lib/action_dispatch/routing/route_set.rb:882:in `call'
rack (3.0.8) lib/rack/tempfile_reaper.rb:20:in `call'
rack (3.0.8) lib/rack/etag.rb:29:in `call'
rack (3.0.8) lib/rack/conditional_get.rb:31:in `call'
rack (3.0.8) lib/rack/head.rb:15:in `call'
actionpack (7.1.2) lib/action_dispatch/http/permissions_policy.rb:36:in `call'
actionpack (7.1.2) lib/action_dispatch/http/content_security_policy.rb:33:in `call'
rack-session (2.0.0) lib/rack/session/abstract/id.rb:272:in `context'
rack-session (2.0.0) lib/rack/session/abstract/id.rb:266:in `call'
actionpack (7.1.2) lib/action_dispatch/middleware/cookies.rb:689:in `call'
activerecord (7.1.2) lib/active_record/migration.rb:654:in `call'
actionpack (7.1.2) lib/action_dispatch/middleware/callbacks.rb:29:in `block in call'
activesupport (7.1.2) lib/active_support/callbacks.rb:101:in `run_callbacks'
actionpack (7.1.2) lib/action_dispatch/middleware/callbacks.rb:28:in `call'
actionpack (7.1.2) lib/action_dispatch/middleware/executor.rb:14:in `call'
actionpack (7.1.2) lib/action_dispatch/middleware/actionable_exceptions.rb:16:in `call'
actionpack (7.1.2) lib/action_dispatch/middleware/debug_exceptions.rb:29:in `call'
web-console (4.2.1) lib/web_console/middleware.rb:132:in `call_app'
web-console (4.2.1) lib/web_console/middleware.rb:28:in `block in call'
web-console (4.2.1) lib/web_console/middleware.rb:17:in `catch'
web-console (4.2.1) lib/web_console/middleware.rb:17:in `call'
actionpack (7.1.2) lib/action_dispatch/middleware/show_exceptions.rb:31:in `call'
railties (7.1.2) lib/rails/rack/logger.rb:37:in `call_app'
railties (7.1.2) lib/rails/rack/logger.rb:24:in `block in call'
activesupport (7.1.2) lib/active_support/tagged_logging.rb:135:in `block in tagged'
activesupport (7.1.2) lib/active_support/tagged_logging.rb:39:in `tagged'
activesupport (7.1.2) lib/active_support/tagged_logging.rb:135:in `tagged'
activesupport (7.1.2) lib/active_support/broadcast_logger.rb:240:in `method_missing'
railties (7.1.2) lib/rails/rack/logger.rb:24:in `call'
sprockets-rails (3.4.2) lib/sprockets/rails/quiet_assets.rb:13:in `call'
actionpack (7.1.2) lib/action_dispatch/middleware/remote_ip.rb:92:in `call'
actionpack (7.1.2) lib/action_dispatch/middleware/request_id.rb:28:in `call'
rack (3.0.8) lib/rack/method_override.rb:28:in `call'
rack (3.0.8) lib/rack/runtime.rb:24:in `call'
activesupport (7.1.2) lib/active_support/cache/strategy/local_cache_middleware.rb:29:in `call'
actionpack (7.1.2) lib/action_dispatch/middleware/server_timing.rb:59:in `block in call'
actionpack (7.1.2) lib/action_dispatch/middleware/server_timing.rb:24:in `collect_events'
actionpack (7.1.2) lib/action_dispatch/middleware/server_timing.rb:58:in `call'
actionpack (7.1.2) lib/action_dispatch/middleware/executor.rb:14:in `call'
actionpack (7.1.2) lib/action_dispatch/middleware/static.rb:25:in `call'
rack (3.0.8) lib/rack/sendfile.rb:114:in `call'
actionpack (7.1.2) lib/action_dispatch/middleware/host_authorization.rb:141:in `call'
railties (7.1.2) lib/rails/engine.rb:529:in `call'
puma (6.4.0) lib/puma/configuration.rb:272:in `call'
puma (6.4.0) lib/puma/request.rb:100:in `block in handle_request'
puma (6.4.0) lib/puma/thread_pool.rb:378:in `with_force_shutdown'
puma (6.4.0) lib/puma/request.rb:99:in `handle_request'
puma (6.4.0) lib/puma/server.rb:443:in `process_client'
puma (6.4.0) lib/puma/server.rb:241:in `block in run'
puma (6.4.0) lib/puma/thread_pool.rb:155:in `block in spawn_thread'
Started GET "/" for 127.0.0.1 at 2023-11-25 23:16:33 +0200
Processing by MainController#index as HTML
Completed 406 Not Acceptable in 8ms (ActiveRecord: 0.0ms | Allocations: 766)


  
ActionController::MissingExactTemplate (MainController#index is missing a template for request formats: text/html):
  
actionpack (7.1.2) lib/action_controller/metal/implicit_render.rb:47:in `default_render'
actionpack (7.1.2) lib/action_controller/metal/basic_implicit_render.rb:7:in `send_action'
actionpack (7.1.2) lib/abstract_controller/base.rb:224:in `process_action'
actionpack (7.1.2) lib/action_controller/metal/rendering.rb:165:in `process_action'
actionpack (7.1.2) lib/abstract_controller/callbacks.rb:259:in `block in process_action'
activesupport (7.1.2) lib/active_support/callbacks.rb:121:in `block in run_callbacks'
actiontext (7.1.2) lib/action_text/rendering.rb:23:in `with_renderer'
actiontext (7.1.2) lib/action_text/engine.rb:69:in `block (4 levels) in <class:Engine>'
activesupport (7.1.2) lib/active_support/callbacks.rb:130:in `instance_exec'
activesupport (7.1.2) lib/active_support/callbacks.rb:130:in `block in run_callbacks'
activesupport (7.1.2) lib/active_support/callbacks.rb:141:in `run_callbacks'
actionpack (7.1.2) lib/abstract_controller/callbacks.rb:258:in `process_action'
actionpack (7.1.2) lib/action_controller/metal/rescue.rb:25:in `process_action'
actionpack (7.1.2) lib/action_controller/metal/instrumentation.rb:74:in `block in process_action'
activesupport (7.1.2) lib/active_support/notifications.rb:206:in `block in instrument'
activesupport (7.1.2) lib/active_support/notifications/instrumenter.rb:58:in `instrument'
activesupport (7.1.2) lib/active_support/notifications.rb:206:in `instrument'
actionpack (7.1.2) lib/action_controller/metal/instrumentation.rb:73:in `process_action'
actionpack (7.1.2) lib/action_controller/metal/params_wrapper.rb:261:in `process_action'
activerecord (7.1.2) lib/active_record/railties/controller_runtime.rb:32:in `process_action'
actionpack (7.1.2) lib/abstract_controller/base.rb:160:in `process'
actionview (7.1.2) lib/action_view/rendering.rb:40:in `process'
actionpack (7.1.2) lib/action_controller/metal.rb:227:in `dispatch'
actionpack (7.1.2) lib/action_controller/metal.rb:309:in `dispatch'
actionpack (7.1.2) lib/action_dispatch/routing/route_set.rb:49:in `dispatch'
actionpack (7.1.2) lib/action_dispatch/routing/route_set.rb:32:in `serve'
actionpack (7.1.2) lib/action_dispatch/journey/router.rb:51:in `block in serve'
actionpack (7.1.2) lib/action_dispatch/journey/router.rb:131:in `block in find_routes'
actionpack (7.1.2) lib/action_dispatch/journey/router.rb:124:in `each'
actionpack (7.1.2) lib/action_dispatch/journey/router.rb:124:in `find_routes'
actionpack (7.1.2) lib/action_dispatch/journey/router.rb:32:in `serve'
actionpack (7.1.2) lib/action_dispatch/routing/route_set.rb:882:in `call'
rack (3.0.8) lib/rack/tempfile_reaper.rb:20:in `call'
rack (3.0.8) lib/rack/etag.rb:29:in `call'
rack (3.0.8) lib/rack/conditional_get.rb:31:in `call'
rack (3.0.8) lib/rack/head.rb:15:in `call'
actionpack (7.1.2) lib/action_dispatch/http/permissions_policy.rb:36:in `call'
actionpack (7.1.2) lib/action_dispatch/http/content_security_policy.rb:33:in `call'
rack-session (2.0.0) lib/rack/session/abstract/id.rb:272:in `context'
rack-session (2.0.0) lib/rack/session/abstract/id.rb:266:in `call'
actionpack (7.1.2) lib/action_dispatch/middleware/cookies.rb:689:in `call'
activerecord (7.1.2) lib/active_record/migration.rb:654:in `call'
actionpack (7.1.2) lib/action_dispatch/middleware/callbacks.rb:29:in `block in call'
activesupport (7.1.2) lib/active_support/callbacks.rb:101:in `run_callbacks'
actionpack (7.1.2) lib/action_dispatch/middleware/callbacks.rb:28:in `call'
actionpack (7.1.2) lib/action_dispatch/middleware/executor.rb:14:in `call'
actionpack (7.1.2) lib/action_dispatch/middleware/actionable_exceptions.rb:16:in `call'
actionpack (7.1.2) lib/action_dispatch/middleware/debug_exceptions.rb:29:in `call'
web-console (4.2.1) lib/web_console/middleware.rb:132:in `call_app'
web-console (4.2.1) lib/web_console/middleware.rb:28:in `block in call'
web-console (4.2.1) lib/web_console/middleware.rb:17:in `catch'
web-console (4.2.1) lib/web_console/middleware.rb:17:in `call'
actionpack (7.1.2) lib/action_dispatch/middleware/show_exceptions.rb:31:in `call'
railties (7.1.2) lib/rails/rack/logger.rb:37:in `call_app'
railties (7.1.2) lib/rails/rack/logger.rb:24:in `block in call'
activesupport (7.1.2) lib/active_support/tagged_logging.rb:135:in `block in tagged'
activesupport (7.1.2) lib/active_support/tagged_logging.rb:39:in `tagged'
activesupport (7.1.2) lib/active_support/tagged_logging.rb:135:in `tagged'
activesupport (7.1.2) lib/active_support/broadcast_logger.rb:240:in `method_missing'
railties (7.1.2) lib/rails/rack/logger.rb:24:in `call'
sprockets-rails (3.4.2) lib/sprockets/rails/quiet_assets.rb:13:in `call'
actionpack (7.1.2) lib/action_dispatch/middleware/remote_ip.rb:92:in `call'
actionpack (7.1.2) lib/action_dispatch/middleware/request_id.rb:28:in `call'
rack (3.0.8) lib/rack/method_override.rb:28:in `call'
rack (3.0.8) lib/rack/runtime.rb:24:in `call'
activesupport (7.1.2) lib/active_support/cache/strategy/local_cache_middleware.rb:29:in `call'
actionpack (7.1.2) lib/action_dispatch/middleware/server_timing.rb:59:in `block in call'
actionpack (7.1.2) lib/action_dispatch/middleware/server_timing.rb:24:in `collect_events'
actionpack (7.1.2) lib/action_dispatch/middleware/server_timing.rb:58:in `call'
actionpack (7.1.2) lib/action_dispatch/middleware/executor.rb:14:in `call'
actionpack (7.1.2) lib/action_dispatch/middleware/static.rb:25:in `call'
rack (3.0.8) lib/rack/sendfile.rb:114:in `call'
actionpack (7.1.2) lib/action_dispatch/middleware/host_authorization.rb:141:in `call'
railties (7.1.2) lib/rails/engine.rb:529:in `call'
puma (6.4.0) lib/puma/configuration.rb:272:in `call'
puma (6.4.0) lib/puma/request.rb:100:in `block in handle_request'
puma (6.4.0) lib/puma/thread_pool.rb:378:in `with_force_shutdown'
puma (6.4.0) lib/puma/request.rb:99:in `handle_request'
puma (6.4.0) lib/puma/server.rb:443:in `process_client'
puma (6.4.0) lib/puma/server.rb:241:in `block in run'
puma (6.4.0) lib/puma/thread_pool.rb:155:in `block in spawn_thread'
Started GET "/" for 127.0.0.1 at 2023-11-25 23:18:00 +0200
Processing by MainController#index as HTML
Completed 406 Not Acceptable in 2ms (ActiveRecord: 0.0ms | Allocations: 537)


  
ActionController::MissingExactTemplate (MainController#index is missing a template for request formats: text/html):
  
actionpack (7.1.2) lib/action_controller/metal/implicit_render.rb:47:in `default_render'
actionpack (7.1.2) lib/action_controller/metal/basic_implicit_render.rb:7:in `send_action'
actionpack (7.1.2) lib/abstract_controller/base.rb:224:in `process_action'
actionpack (7.1.2) lib/action_controller/metal/rendering.rb:165:in `process_action'
actionpack (7.1.2) lib/abstract_controller/callbacks.rb:259:in `block in process_action'
activesupport (7.1.2) lib/active_support/callbacks.rb:121:in `block in run_callbacks'
actiontext (7.1.2) lib/action_text/rendering.rb:23:in `with_renderer'
actiontext (7.1.2) lib/action_text/engine.rb:69:in `block (4 levels) in <class:Engine>'
activesupport (7.1.2) lib/active_support/callbacks.rb:130:in `instance_exec'
activesupport (7.1.2) lib/active_support/callbacks.rb:130:in `block in run_callbacks'
activesupport (7.1.2) lib/active_support/callbacks.rb:141:in `run_callbacks'
actionpack (7.1.2) lib/abstract_controller/callbacks.rb:258:in `process_action'
actionpack (7.1.2) lib/action_controller/metal/rescue.rb:25:in `process_action'
actionpack (7.1.2) lib/action_controller/metal/instrumentation.rb:74:in `block in process_action'
activesupport (7.1.2) lib/active_support/notifications.rb:206:in `block in instrument'
activesupport (7.1.2) lib/active_support/notifications/instrumenter.rb:58:in `instrument'
activesupport (7.1.2) lib/active_support/notifications.rb:206:in `instrument'
actionpack (7.1.2) lib/action_controller/metal/instrumentation.rb:73:in `process_action'
actionpack (7.1.2) lib/action_controller/metal/params_wrapper.rb:261:in `process_action'
activerecord (7.1.2) lib/active_record/railties/controller_runtime.rb:32:in `process_action'
actionpack (7.1.2) lib/abstract_controller/base.rb:160:in `process'
actionview (7.1.2) lib/action_view/rendering.rb:40:in `process'
actionpack (7.1.2) lib/action_controller/metal.rb:227:in `dispatch'
actionpack (7.1.2) lib/action_controller/metal.rb:309:in `dispatch'
actionpack (7.1.2) lib/action_dispatch/routing/route_set.rb:49:in `dispatch'
actionpack (7.1.2) lib/action_dispatch/routing/route_set.rb:32:in `serve'
actionpack (7.1.2) lib/action_dispatch/journey/router.rb:51:in `block in serve'
actionpack (7.1.2) lib/action_dispatch/journey/router.rb:131:in `block in find_routes'
actionpack (7.1.2) lib/action_dispatch/journey/router.rb:124:in `each'
actionpack (7.1.2) lib/action_dispatch/journey/router.rb:124:in `find_routes'
actionpack (7.1.2) lib/action_dispatch/journey/router.rb:32:in `serve'
actionpack (7.1.2) lib/action_dispatch/routing/route_set.rb:882:in `call'
rack (3.0.8) lib/rack/tempfile_reaper.rb:20:in `call'
rack (3.0.8) lib/rack/etag.rb:29:in `call'
rack (3.0.8) lib/rack/conditional_get.rb:31:in `call'
rack (3.0.8) lib/rack/head.rb:15:in `call'
actionpack (7.1.2) lib/action_dispatch/http/permissions_policy.rb:36:in `call'
actionpack (7.1.2) lib/action_dispatch/http/content_security_policy.rb:33:in `call'
rack-session (2.0.0) lib/rack/session/abstract/id.rb:272:in `context'
rack-session (2.0.0) lib/rack/session/abstract/id.rb:266:in `call'
actionpack (7.1.2) lib/action_dispatch/middleware/cookies.rb:689:in `call'
activerecord (7.1.2) lib/active_record/migration.rb:654:in `call'
actionpack (7.1.2) lib/action_dispatch/middleware/callbacks.rb:29:in `block in call'
activesupport (7.1.2) lib/active_support/callbacks.rb:101:in `run_callbacks'
actionpack (7.1.2) lib/action_dispatch/middleware/callbacks.rb:28:in `call'
actionpack (7.1.2) lib/action_dispatch/middleware/executor.rb:14:in `call'
actionpack (7.1.2) lib/action_dispatch/middleware/actionable_exceptions.rb:16:in `call'
actionpack (7.1.2) lib/action_dispatch/middleware/debug_exceptions.rb:29:in `call'
web-console (4.2.1) lib/web_console/middleware.rb:132:in `call_app'
web-console (4.2.1) lib/web_console/middleware.rb:28:in `block in call'
web-console (4.2.1) lib/web_console/middleware.rb:17:in `catch'
web-console (4.2.1) lib/web_console/middleware.rb:17:in `call'
actionpack (7.1.2) lib/action_dispatch/middleware/show_exceptions.rb:31:in `call'
railties (7.1.2) lib/rails/rack/logger.rb:37:in `call_app'
railties (7.1.2) lib/rails/rack/logger.rb:24:in `block in call'
activesupport (7.1.2) lib/active_support/tagged_logging.rb:135:in `block in tagged'
activesupport (7.1.2) lib/active_support/tagged_logging.rb:39:in `tagged'
activesupport (7.1.2) lib/active_support/tagged_logging.rb:135:in `tagged'
activesupport (7.1.2) lib/active_support/broadcast_logger.rb:240:in `method_missing'
railties (7.1.2) lib/rails/rack/logger.rb:24:in `call'
sprockets-rails (3.4.2) lib/sprockets/rails/quiet_assets.rb:13:in `call'
actionpack (7.1.2) lib/action_dispatch/middleware/remote_ip.rb:92:in `call'
actionpack (7.1.2) lib/action_dispatch/middleware/request_id.rb:28:in `call'
rack (3.0.8) lib/rack/method_override.rb:28:in `call'
rack (3.0.8) lib/rack/runtime.rb:24:in `call'
activesupport (7.1.2) lib/active_support/cache/strategy/local_cache_middleware.rb:29:in `call'
actionpack (7.1.2) lib/action_dispatch/middleware/server_timing.rb:59:in `block in call'
actionpack (7.1.2) lib/action_dispatch/middleware/server_timing.rb:24:in `collect_events'
actionpack (7.1.2) lib/action_dispatch/middleware/server_timing.rb:58:in `call'
actionpack (7.1.2) lib/action_dispatch/middleware/executor.rb:14:in `call'
actionpack (7.1.2) lib/action_dispatch/middleware/static.rb:25:in `call'
rack (3.0.8) lib/rack/sendfile.rb:114:in `call'
actionpack (7.1.2) lib/action_dispatch/middleware/host_authorization.rb:141:in `call'
railties (7.1.2) lib/rails/engine.rb:529:in `call'
puma (6.4.0) lib/puma/configuration.rb:272:in `call'
puma (6.4.0) lib/puma/request.rb:100:in `block in handle_request'
puma (6.4.0) lib/puma/thread_pool.rb:378:in `with_force_shutdown'
puma (6.4.0) lib/puma/request.rb:99:in `handle_request'
puma (6.4.0) lib/puma/server.rb:443:in `process_client'
puma (6.4.0) lib/puma/server.rb:241:in `block in run'
puma (6.4.0) lib/puma/thread_pool.rb:155:in `block in spawn_thread'
Started GET "/" for 127.0.0.1 at 2023-11-25 23:19:13 +0200
  [1m[36mActiveRecord::SchemaMigration Load (0.2ms)[0m  [1m[34mSELECT "schema_migrations"."version" FROM "schema_migrations" ORDER BY "schema_migrations"."version" ASC[0m
Processing by MainController#index as HTML
Completed 406 Not Acceptable in 52ms (ActiveRecord: 0.0ms | Allocations: 2062)


  
ActionController::MissingExactTemplate (MainController#index is missing a template for request formats: text/html):
  
actionpack (7.1.2) lib/action_controller/metal/implicit_render.rb:47:in `default_render'
actionpack (7.1.2) lib/action_controller/metal/basic_implicit_render.rb:7:in `send_action'
actionpack (7.1.2) lib/abstract_controller/base.rb:224:in `process_action'
actionpack (7.1.2) lib/action_controller/metal/rendering.rb:165:in `process_action'
actionpack (7.1.2) lib/abstract_controller/callbacks.rb:259:in `block in process_action'
activesupport (7.1.2) lib/active_support/callbacks.rb:121:in `block in run_callbacks'
actiontext (7.1.2) lib/action_text/rendering.rb:23:in `with_renderer'
actiontext (7.1.2) lib/action_text/engine.rb:69:in `block (4 levels) in <class:Engine>'
activesupport (7.1.2) lib/active_support/callbacks.rb:130:in `instance_exec'
activesupport (7.1.2) lib/active_support/callbacks.rb:130:in `block in run_callbacks'
activesupport (7.1.2) lib/active_support/callbacks.rb:141:in `run_callbacks'
actionpack (7.1.2) lib/abstract_controller/callbacks.rb:258:in `process_action'
actionpack (7.1.2) lib/action_controller/metal/rescue.rb:25:in `process_action'
actionpack (7.1.2) lib/action_controller/metal/instrumentation.rb:74:in `block in process_action'
activesupport (7.1.2) lib/active_support/notifications.rb:206:in `block in instrument'
activesupport (7.1.2) lib/active_support/notifications/instrumenter.rb:58:in `instrument'
activesupport (7.1.2) lib/active_support/notifications.rb:206:in `instrument'
actionpack (7.1.2) lib/action_controller/metal/instrumentation.rb:73:in `process_action'
actionpack (7.1.2) lib/action_controller/metal/params_wrapper.rb:261:in `process_action'
activerecord (7.1.2) lib/active_record/railties/controller_runtime.rb:32:in `process_action'
actionpack (7.1.2) lib/abstract_controller/base.rb:160:in `process'
actionview (7.1.2) lib/action_view/rendering.rb:40:in `process'
actionpack (7.1.2) lib/action_controller/metal.rb:227:in `dispatch'
actionpack (7.1.2) lib/action_controller/metal.rb:309:in `dispatch'
actionpack (7.1.2) lib/action_dispatch/routing/route_set.rb:49:in `dispatch'
actionpack (7.1.2) lib/action_dispatch/routing/route_set.rb:32:in `serve'
actionpack (7.1.2) lib/action_dispatch/journey/router.rb:51:in `block in serve'
actionpack (7.1.2) lib/action_dispatch/journey/router.rb:131:in `block in find_routes'
actionpack (7.1.2) lib/action_dispatch/journey/router.rb:124:in `each'
actionpack (7.1.2) lib/action_dispatch/journey/router.rb:124:in `find_routes'
actionpack (7.1.2) lib/action_dispatch/journey/router.rb:32:in `serve'
actionpack (7.1.2) lib/action_dispatch/routing/route_set.rb:882:in `call'
rack (3.0.8) lib/rack/tempfile_reaper.rb:20:in `call'
rack (3.0.8) lib/rack/etag.rb:29:in `call'
rack (3.0.8) lib/rack/conditional_get.rb:31:in `call'
rack (3.0.8) lib/rack/head.rb:15:in `call'
actionpack (7.1.2) lib/action_dispatch/http/permissions_policy.rb:36:in `call'
actionpack (7.1.2) lib/action_dispatch/http/content_security_policy.rb:33:in `call'
rack-session (2.0.0) lib/rack/session/abstract/id.rb:272:in `context'
rack-session (2.0.0) lib/rack/session/abstract/id.rb:266:in `call'
actionpack (7.1.2) lib/action_dispatch/middleware/cookies.rb:689:in `call'
activerecord (7.1.2) lib/active_record/migration.rb:654:in `call'
actionpack (7.1.2) lib/action_dispatch/middleware/callbacks.rb:29:in `block in call'
activesupport (7.1.2) lib/active_support/callbacks.rb:101:in `run_callbacks'
actionpack (7.1.2) lib/action_dispatch/middleware/callbacks.rb:28:in `call'
actionpack (7.1.2) lib/action_dispatch/middleware/executor.rb:14:in `call'
actionpack (7.1.2) lib/action_dispatch/middleware/actionable_exceptions.rb:16:in `call'
actionpack (7.1.2) lib/action_dispatch/middleware/debug_exceptions.rb:29:in `call'
web-console (4.2.1) lib/web_console/middleware.rb:132:in `call_app'
web-console (4.2.1) lib/web_console/middleware.rb:28:in `block in call'
web-console (4.2.1) lib/web_console/middleware.rb:17:in `catch'
web-console (4.2.1) lib/web_console/middleware.rb:17:in `call'
actionpack (7.1.2) lib/action_dispatch/middleware/show_exceptions.rb:31:in `call'
railties (7.1.2) lib/rails/rack/logger.rb:37:in `call_app'
railties (7.1.2) lib/rails/rack/logger.rb:24:in `block in call'
activesupport (7.1.2) lib/active_support/tagged_logging.rb:135:in `block in tagged'
activesupport (7.1.2) lib/active_support/tagged_logging.rb:39:in `tagged'
activesupport (7.1.2) lib/active_support/tagged_logging.rb:135:in `tagged'
activesupport (7.1.2) lib/active_support/broadcast_logger.rb:240:in `method_missing'
railties (7.1.2) lib/rails/rack/logger.rb:24:in `call'
sprockets-rails (3.4.2) lib/sprockets/rails/quiet_assets.rb:13:in `call'
actionpack (7.1.2) lib/action_dispatch/middleware/remote_ip.rb:92:in `call'
actionpack (7.1.2) lib/action_dispatch/middleware/request_id.rb:28:in `call'
rack (3.0.8) lib/rack/method_override.rb:28:in `call'
rack (3.0.8) lib/rack/runtime.rb:24:in `call'
activesupport (7.1.2) lib/active_support/cache/strategy/local_cache_middleware.rb:29:in `call'
actionpack (7.1.2) lib/action_dispatch/middleware/server_timing.rb:59:in `block in call'
actionpack (7.1.2) lib/action_dispatch/middleware/server_timing.rb:24:in `collect_events'
actionpack (7.1.2) lib/action_dispatch/middleware/server_timing.rb:58:in `call'
actionpack (7.1.2) lib/action_dispatch/middleware/executor.rb:14:in `call'
actionpack (7.1.2) lib/action_dispatch/middleware/static.rb:25:in `call'
rack (3.0.8) lib/rack/sendfile.rb:114:in `call'
actionpack (7.1.2) lib/action_dispatch/middleware/host_authorization.rb:141:in `call'
railties (7.1.2) lib/rails/engine.rb:529:in `call'
puma (6.4.0) lib/puma/configuration.rb:272:in `call'
puma (6.4.0) lib/puma/request.rb:100:in `block in handle_request'
puma (6.4.0) lib/puma/thread_pool.rb:378:in `with_force_shutdown'
puma (6.4.0) lib/puma/request.rb:99:in `handle_request'
puma (6.4.0) lib/puma/server.rb:443:in `process_client'
puma (6.4.0) lib/puma/server.rb:241:in `block in run'
puma (6.4.0) lib/puma/thread_pool.rb:155:in `block in spawn_thread'
Started GET "/" for 127.0.0.1 at 2023-11-25 23:23:07 +0200
Processing by MainController#index as HTML
  Rendering layout layouts/application.html.erb
  Rendering main/index.html.erb within layouts/application
  Rendered main/index.html.erb within layouts/application (Duration: 0.5ms | Allocations: 98)
  Rendered layout layouts/application.html.erb (Duration: 458.5ms | Allocations: 37840)
Completed 200 OK in 467ms (Views: 463.2ms | ActiveRecord: 0.0ms | Allocations: 38892)


Started GET "/" for 127.0.0.1 at 2023-11-25 23:37:36 +0200
Processing by MainController#index as HTML
  Rendering layout layouts/application.html.erb
  Rendering main/index.html.erb within layouts/application
  Rendered main/index.html.erb within layouts/application (Duration: 0.6ms | Allocations: 96)
  Rendered layout layouts/application.html.erb (Duration: 28.6ms | Allocations: 14059)
Completed 200 OK in 48ms (Views: 44.7ms | ActiveRecord: 0.0ms | Allocations: 14970)


Started GET "/" for 127.0.0.1 at 2023-11-25 23:37:39 +0200
Processing by MainController#index as HTML
  Rendering layout layouts/application.html.erb
  Rendering main/index.html.erb within layouts/application
  Rendered main/index.html.erb within layouts/application (Duration: 0.1ms | Allocations: 7)
  Rendered layout layouts/application.html.erb (Duration: 6.3ms | Allocations: 2191)
Completed 200 OK in 10ms (Views: 7.4ms | ActiveRecord: 0.0ms | Allocations: 2452)


Started GET "/" for 127.0.0.1 at 2023-11-25 23:40:05 +0200
Processing by MainController#index as HTML
  Rendering layout layouts/application.html.erb
  Rendering main/index.html.erb within layouts/application
  Rendered main/index.html.erb within layouts/application (Duration: 0.1ms | Allocations: 7)
  Rendered layout layouts/application.html.erb (Duration: 9.7ms | Allocations: 2174)
Completed 200 OK in 13ms (Views: 10.6ms | ActiveRecord: 0.0ms | Allocations: 2438)


Started GET "/" for 127.0.0.1 at 2023-11-25 23:40:14 +0200
Processing by MainController#index as HTML
  Rendering layout layouts/application.html.erb
  Rendering main/index.html.erb within layouts/application
  Rendered main/index.html.erb within layouts/application (Duration: 0.6ms | Allocations: 96)
  Rendered layout layouts/application.html.erb (Duration: 22.5ms | Allocations: 14038)
Completed 200 OK in 41ms (Views: 37.5ms | ActiveRecord: 0.0ms | Allocations: 14949)


Started GET "/" for 127.0.0.1 at 2023-11-25 23:41:22 +0200
Processing by MainController#index as HTML
  Rendering layout layouts/application.html.erb
  Rendering main/index.html.erb within layouts/application
  Rendered main/index.html.erb within layouts/application (Duration: 0.6ms | Allocations: 96)
  Rendered layout layouts/application.html.erb (Duration: 23.5ms | Allocations: 14052)
Completed 200 OK in 38ms (Views: 35.6ms | ActiveRecord: 0.0ms | Allocations: 14961)


Started GET "/" for 127.0.0.1 at 2023-11-25 23:45:13 +0200
Processing by MainController#index as HTML
  Rendering layout layouts/application.html.erb
  Rendering main/index.html.erb within layouts/application
  Rendered main/index.html.erb within layouts/application (Duration: 0.7ms | Allocations: 96)
  Rendered layout layouts/application.html.erb (Duration: 26.9ms | Allocations: 14051)
Completed 200 OK in 44ms (Views: 40.8ms | ActiveRecord: 0.0ms | Allocations: 14960)


Started GET "/" for 127.0.0.1 at 2023-11-25 23:47:18 +0200
Processing by MainController#index as HTML
  Rendering layout layouts/application.html.erb
  Rendering main/index.html.erb within layouts/application
  Rendered main/index.html.erb within layouts/application (Duration: 0.7ms | Allocations: 100)
  Rendered layout layouts/application.html.erb (Duration: 25.2ms | Allocations: 14052)
Completed 200 OK in 37ms (Views: 30.0ms | ActiveRecord: 0.0ms | Allocations: 14961)


